<?xml version="1.0" encoding="UTF-8"?>
<!-- Generated by org.testng.reporters.JUnitXMLReporter -->
<testsuite hostname="8H3CKZPOTURK1ZH" ignored="0" name="Test" tests="3" failures="0" timestamp="14 五月 2019 06:00:50 GMT" time="2.874" errors="0">
  <testcase name="testPostRequest" time="0.012" classname="com.test.api2.SmsCodePost2"/>
  <testcase name="testPostRequest" time="0.016" classname="com.test.api2.RegisterPost"/>
  <testcase name="testPostRequest" time="0.005" classname="com.test.api2.Subscribe"/>
</testsuite> <!-- Test -->
