<?xml version="1.0" encoding="UTF-8"?>
<testng-results skipped="0" failed="0" ignored="0" total="2" passed="2">
  <reporter-output>
  </reporter-output>
  <suite name="Suite" duration-ms="1558" started-at="2019-04-29T03:41:04Z" finished-at="2019-04-29T03:41:05Z">
    <groups>
    </groups>
    <test name="Test" duration-ms="1558" started-at="2019-04-29T03:41:04Z" finished-at="2019-04-29T03:41:05Z">
      <class name="com.test.api2.RegisterPost">
        <test-method status="PASS" signature="beforeClass()[pri:0, instance:com.test.api2.RegisterPost@cb5822]" name="beforeClass" is-config="true" duration-ms="744" started-at="2019-04-29T03:41:05Z" finished-at="2019-04-29T03:41:05Z">
          <reporter-output>
          </reporter-output>
        </test-method> <!-- beforeClass -->
        <test-method status="PASS" signature="testPostRequest()[pri:0, instance:com.test.api2.RegisterPost@cb5822]" name="testPostRequest" duration-ms="6" started-at="2019-04-29T03:41:05Z" finished-at="2019-04-29T03:41:05Z">
          <reporter-output>
          </reporter-output>
        </test-method> <!-- testPostRequest -->
      </class> <!-- com.test.api2.RegisterPost -->
      <class name="com.test.api2.SmsCodePost2">
        <test-method status="PASS" signature="beforeClass()[pri:0, instance:com.test.api2.SmsCodePost2@18be83e4]" name="beforeClass" is-config="true" duration-ms="725" started-at="2019-04-29T03:41:04Z" finished-at="2019-04-29T03:41:05Z">
          <reporter-output>
          </reporter-output>
        </test-method> <!-- beforeClass -->
        <test-method status="PASS" signature="testPostRequest()[pri:0, instance:com.test.api2.SmsCodePost2@18be83e4]" name="testPostRequest" duration-ms="8" started-at="2019-04-29T03:41:05Z" finished-at="2019-04-29T03:41:05Z">
          <reporter-output>
          </reporter-output>
        </test-method> <!-- testPostRequest -->
      </class> <!-- com.test.api2.SmsCodePost2 -->
    </test> <!-- Test -->
  </suite> <!-- Suite -->
</testng-results>
