<?xml version="1.0" encoding="UTF-8"?>
<testng-results skipped="0" failed="0" ignored="0" total="3" passed="3">
  <reporter-output>
  </reporter-output>
  <suite name="Suite" duration-ms="2874" started-at="2019-05-14T06:00:47Z" finished-at="2019-05-14T06:00:50Z">
    <groups>
    </groups>
    <test name="Test" duration-ms="2874" started-at="2019-05-14T06:00:47Z" finished-at="2019-05-14T06:00:50Z">
      <class name="com.test.api2.RegisterPost">
        <test-method status="PASS" signature="beforeClass()[pri:0, instance:com.test.api2.RegisterPost@4b9e13df]" name="beforeClass" is-config="true" duration-ms="1240" started-at="2019-05-14T06:00:49Z" finished-at="2019-05-14T06:00:50Z">
          <reporter-output>
          </reporter-output>
        </test-method> <!-- beforeClass -->
        <test-method status="PASS" signature="testPostRequest()[pri:0, instance:com.test.api2.RegisterPost@4b9e13df]" name="testPostRequest" duration-ms="16" started-at="2019-05-14T06:00:50Z" finished-at="2019-05-14T06:00:50Z">
          <reporter-output>
          </reporter-output>
        </test-method> <!-- testPostRequest -->
      </class> <!-- com.test.api2.RegisterPost -->
      <class name="com.test.api2.SmsCodePost2">
        <test-method status="PASS" signature="beforeClass()[pri:0, instance:com.test.api2.SmsCodePost2@cb5822]" name="beforeClass" is-config="true" duration-ms="1369" started-at="2019-05-14T06:00:47Z" finished-at="2019-05-14T06:00:48Z">
          <reporter-output>
          </reporter-output>
        </test-method> <!-- beforeClass -->
        <test-method status="PASS" signature="testPostRequest()[pri:0, instance:com.test.api2.SmsCodePost2@cb5822]" name="testPostRequest" duration-ms="12" started-at="2019-05-14T06:00:49Z" finished-at="2019-05-14T06:00:49Z">
          <reporter-output>
          </reporter-output>
        </test-method> <!-- testPostRequest -->
      </class> <!-- com.test.api2.SmsCodePost2 -->
      <class name="com.test.api2.Subscribe">
        <test-method status="PASS" signature="beforeClass()[pri:0, instance:com.test.api2.Subscribe@2b98378d]" name="beforeClass" is-config="true" duration-ms="159" started-at="2019-05-14T06:00:50Z" finished-at="2019-05-14T06:00:50Z">
          <reporter-output>
          </reporter-output>
        </test-method> <!-- beforeClass -->
        <test-method status="PASS" signature="testPostRequest()[pri:0, instance:com.test.api2.Subscribe@2b98378d]" name="testPostRequest" duration-ms="5" started-at="2019-05-14T06:00:50Z" finished-at="2019-05-14T06:00:50Z">
          <reporter-output>
          </reporter-output>
        </test-method> <!-- testPostRequest -->
      </class> <!-- com.test.api2.Subscribe -->
    </test> <!-- Test -->
  </suite> <!-- Suite -->
</testng-results>
